[14:35:33] [WARNING] mysql_connect: no password specified
[14:36:36] [ERROR] cache_get_value_name_int: value 'NULL' is not a number
[15:00:34] [WARNING] mysql_connect: no password specified
[15:01:08] [ERROR] cache_get_value_name_int: value 'NULL' is not a number
[15:05:34] [WARNING] mysql_connect: no password specified
[15:06:39] [ERROR] cache_get_value_name_int: value 'NULL' is not a number
[22:17:00] [WARNING] mysql_connect: no password specified
[22:17:22] [ERROR] cache_get_value_name_int: value 'NULL' is not a number
[21:09:34] [WARNING] mysql_connect: no password specified
[21:09:38] [ERROR] CConnection::CConnection - establishing connection to MySQL database failed: #2002 'Can't connect to MySQL server on 'localhost' (10061)'
[21:09:42] [ERROR] CConnection::CConnection - establishing connection to MySQL database failed: #2002 'Can't connect to MySQL server on 'localhost' (10061)'
[21:10:36] [WARNING] mysql_connect: no password specified
[21:10:40] [ERROR] CConnection::CConnection - establishing connection to MySQL database failed: #2002 'Can't connect to MySQL server on 'localhost' (10061)'
[21:10:44] [ERROR] CConnection::CConnection - establishing connection to MySQL database failed: #2002 'Can't connect to MySQL server on 'localhost' (10061)'
[21:10:48] [ERROR] CConnection::CConnection - establishing connection to MySQL database failed: #2002 'Can't connect to MySQL server on 'localhost' (10061)'
[21:10:52] [ERROR] CConnection::CConnection - establishing connection to MySQL database failed: #2002 'Can't connect to MySQL server on 'localhost' (10061)'
[21:12:15] [WARNING] mysql_connect: no password specified
[21:12:19] [ERROR] CConnection::CConnection - establishing connection to MySQL database failed: #2002 'Can't connect to MySQL server on 'localhost' (10061)'
[21:12:23] [ERROR] CConnection::CConnection - establishing connection to MySQL database failed: #2002 'Can't connect to MySQL server on 'localhost' (10061)'
[21:12:27] [ERROR] CConnection::CConnection - establishing connection to MySQL database failed: #2002 'Can't connect to MySQL server on 'localhost' (10061)'
[21:12:31] [ERROR] CConnection::CConnection - establishing connection to MySQL database failed: #2002 'Can't connect to MySQL server on 'localhost' (10061)'
[21:13:04] [WARNING] mysql_connect: no password specified
[21:13:27] [ERROR] cache_get_value_name_int: value 'NULL' is not a number
[23:25:32] [WARNING] mysql_connect: no password specified
[23:50:14] [WARNING] mysql_connect: no password specified
[23:50:50] [ERROR] cache_get_value_name_int: value 'NULL' is not a number
[23:53:14] [ERROR] cache_get_value_name_int: value 'NULL' is not a number
[00:02:57] [WARNING] mysql_connect: no password specified
[00:02:57] [WARNING] duplicate connection detected: handle id 1 already exists with host = 'localhost', username = 'root' and database = 'project'
[00:09:21] [WARNING] mysql_connect: no password specified
[00:09:21] [WARNING] duplicate connection detected: handle id 1 already exists with host = 'localhost', username = 'root' and database = 'project'
[00:09:44] [ERROR] cache_get_value_name_int: value 'NULL' is not a number
[00:35:43] [WARNING] mysql_connect: no password specified
[00:36:09] [ERROR] cache_get_value_name_int: value 'NULL' is not a number
[00:42:32] [WARNING] mysql_connect: no password specified
[00:42:32] [WARNING] duplicate connection detected: handle id 1 already exists with host = 'localhost', username = 'root' and database = 'project'
[00:42:46] [ERROR] cache_get_value_name_int: value 'NULL' is not a number
[00:44:24] [WARNING] mysql_connect: no password specified
[00:44:24] [WARNING] duplicate connection detected: handle id 1 already exists with host = 'localhost', username = 'root' and database = 'project'
[14:08:23] [WARNING] mysql_connect: no password specified
[14:08:46] [WARNING] mysql_connect: no password specified
[14:26:26] [WARNING] mysql_connect: no password specified
[14:29:08] [ERROR] cache_get_value_name_int: value 'NULL' is not a number
[14:38:47] [WARNING] mysql_connect: no password specified
[14:38:47] [WARNING] duplicate connection detected: handle id 1 already exists with host = 'localhost', username = 'root' and database = 'project'
[14:39:00] [ERROR] cache_get_value_name_int: value 'NULL' is not a number
[14:42:01] [WARNING] mysql_connect: no password specified
[14:42:01] [WARNING] duplicate connection detected: handle id 1 already exists with host = 'localhost', username = 'root' and database = 'project'
[14:43:31] [ERROR] cache_get_value_name_int: value 'NULL' is not a number
[14:45:03] [WARNING] mysql_connect: no password specified
[14:45:46] [ERROR] cache_get_value_name_int: value 'NULL' is not a number
[14:50:53] [WARNING] mysql_connect: no password specified
[14:51:02] [ERROR] cache_get_value_name_int: value 'NULL' is not a number
[15:02:11] [WARNING] mysql_connect: no password specified
[15:02:11] [WARNING] duplicate connection detected: handle id 1 already exists with host = 'localhost', username = 'root' and database = 'project'
[15:03:22] [ERROR] cache_get_value_name_int: value 'NULL' is not a number
[15:04:53] [WARNING] mysql_connect: no password specified
[15:04:53] [WARNING] duplicate connection detected: handle id 1 already exists with host = 'localhost', username = 'root' and database = 'project'
[15:05:05] [ERROR] cache_get_value_name_int: value 'NULL' is not a number
[15:07:49] [WARNING] mysql_connect: no password specified
[15:07:49] [WARNING] duplicate connection detected: handle id 1 already exists with host = 'localhost', username = 'root' and database = 'project'
[15:08:01] [ERROR] cache_get_value_name_int: value 'NULL' is not a number
[15:16:43] [WARNING] mysql_connect: no password specified
[15:16:43] [WARNING] duplicate connection detected: handle id 1 already exists with host = 'localhost', username = 'root' and database = 'project'
[15:16:57] [ERROR] cache_get_value_name_int: value 'NULL' is not a number
[15:22:40] [WARNING] mysql_connect: no password specified
[15:22:40] [WARNING] duplicate connection detected: handle id 1 already exists with host = 'localhost', username = 'root' and database = 'project'
[15:22:46] [ERROR] cache_get_value_name_int: value 'NULL' is not a number
[15:30:25] [WARNING] mysql_connect: no password specified
[15:30:25] [WARNING] duplicate connection detected: handle id 1 already exists with host = 'localhost', username = 'root' and database = 'project'
[15:30:28] [ERROR] cache_get_value_name_int: value 'NULL' is not a number
[15:30:28] [ERROR] cache_get_value_name_int: field 'pSexo' not found
[15:30:39] [ERROR] error #1054 while executing query "UPDATE `jogadores` SET `pDinheiro`='500', `pScore`='0', `pSkin`='60', `pAdmin`='0', `pIdade`='25', `pSexo`='1', `pPosX`='50.000000', `pPosY`='50.000000', `pPosZ`='50.000000', `pPosA`='0.000000' WHERE `pID`='16'": Unknown column 'pSexo' in 'field list'
[15:32:40] [WARNING] mysql_connect: no password specified
[15:32:40] [WARNING] duplicate connection detected: handle id 1 already exists with host = 'localhost', username = 'root' and database = 'project'
[15:32:47] [ERROR] cache_get_value_name_int: value 'NULL' is not a number
[22:48:10] [WARNING] mysql_connect: no password specified
[22:48:33] [ERROR] cache_get_value_name_int: value 'NULL' is not a number
[23:20:14] [WARNING] mysql_connect: no password specified
[23:21:58] [ERROR] cache_get_value_name_int: value 'NULL' is not a number
[23:23:32] [WARNING] mysql_connect: no password specified
[23:23:32] [WARNING] duplicate connection detected: handle id 1 already exists with host = 'localhost', username = 'root' and database = 'project'
[01:04:33] [WARNING] mysql_connect: no password specified
[18:39:53] [WARNING] mysql_connect: no password specified
[18:40:16] [WARNING] mysql_connect: no password specified
[18:41:05] [ERROR] cache_get_value_name_int: value 'NULL' is not a number
[19:00:48] [WARNING] mysql_connect: no password specified
[19:01:36] [ERROR] cache_get_value_name_int: value 'NULL' is not a number
[19:03:53] [WARNING] mysql_connect: no password specified
[19:03:53] [WARNING] duplicate connection detected: handle id 1 already exists with host = 'localhost', username = 'root' and database = 'project'
[19:04:15] [ERROR] cache_get_value_name_int: value 'NULL' is not a number
[19:05:10] [WARNING] mysql_connect: no password specified
[19:05:10] [WARNING] duplicate connection detected: handle id 1 already exists with host = 'localhost', username = 'root' and database = 'project'
[19:05:13] [ERROR] cache_get_value_name_int: value 'NULL' is not a number
[19:14:52] [WARNING] mysql_connect: no password specified
[19:14:52] [WARNING] duplicate connection detected: handle id 1 already exists with host = 'localhost', username = 'root' and database = 'project'
[19:15:09] [ERROR] cache_get_value_name_int: value 'NULL' is not a number
[19:16:11] [WARNING] mysql_connect: no password specified
[19:16:11] [WARNING] duplicate connection detected: handle id 1 already exists with host = 'localhost', username = 'root' and database = 'project'
[19:16:26] [ERROR] cache_get_value_name_int: value 'NULL' is not a number
[19:17:34] [WARNING] mysql_connect: no password specified
[19:17:34] [WARNING] duplicate connection detected: handle id 1 already exists with host = 'localhost', username = 'root' and database = 'project'
[19:17:37] [ERROR] cache_get_value_name_int: value 'NULL' is not a number
[19:19:02] [WARNING] mysql_connect: no password specified
[19:19:02] [WARNING] duplicate connection detected: handle id 1 already exists with host = 'localhost', username = 'root' and database = 'project'
[19:19:34] [ERROR] cache_get_value_name_int: value 'NULL' is not a number
[19:20:57] [WARNING] mysql_connect: no password specified
[19:20:57] [WARNING] duplicate connection detected: handle id 1 already exists with host = 'localhost', username = 'root' and database = 'project'
[19:21:08] [ERROR] cache_get_value_name_int: value 'NULL' is not a number
[19:34:56] [WARNING] mysql_connect: no password specified
[19:34:56] [WARNING] duplicate connection detected: handle id 1 already exists with host = 'localhost', username = 'root' and database = 'project'
[19:35:08] [ERROR] cache_get_value_name_int: value 'NULL' is not a number
[19:38:03] [WARNING] mysql_connect: no password specified
[19:38:03] [WARNING] duplicate connection detected: handle id 1 already exists with host = 'localhost', username = 'root' and database = 'project'
[19:38:13] [ERROR] cache_get_value_name_int: value 'NULL' is not a number
[19:41:22] [WARNING] mysql_connect: no password specified
[19:41:22] [WARNING] duplicate connection detected: handle id 1 already exists with host = 'localhost', username = 'root' and database = 'project'
[19:42:11] [ERROR] cache_get_value_name_int: value 'NULL' is not a number
[19:44:23] [WARNING] mysql_connect: no password specified
[19:44:23] [WARNING] duplicate connection detected: handle id 1 already exists with host = 'localhost', username = 'root' and database = 'project'
[19:44:36] [ERROR] cache_get_value_name_int: value 'NULL' is not a number
[19:45:27] [WARNING] mysql_connect: no password specified
[19:45:27] [WARNING] duplicate connection detected: handle id 1 already exists with host = 'localhost', username = 'root' and database = 'project'
[19:45:52] [ERROR] cache_get_value_name_int: value 'NULL' is not a number
[19:47:34] [WARNING] mysql_connect: no password specified
[19:47:34] [WARNING] duplicate connection detected: handle id 1 already exists with host = 'localhost', username = 'root' and database = 'project'
[19:47:54] [ERROR] cache_get_value_name_int: value 'NULL' is not a number
[19:52:06] [WARNING] mysql_connect: no password specified
[19:52:06] [WARNING] duplicate connection detected: handle id 1 already exists with host = 'localhost', username = 'root' and database = 'project'
[19:53:08] [ERROR] cache_get_value_name_int: value 'NULL' is not a number
[20:03:40] [WARNING] mysql_connect: no password specified
[20:03:40] [WARNING] duplicate connection detected: handle id 1 already exists with host = 'localhost', username = 'root' and database = 'project'
[20:03:44] [ERROR] cache_get_value_name_int: value 'NULL' is not a number
[20:05:39] [WARNING] mysql_connect: no password specified
[20:05:39] [WARNING] duplicate connection detected: handle id 1 already exists with host = 'localhost', username = 'root' and database = 'project'
[20:05:41] [ERROR] cache_get_value_name_int: value 'NULL' is not a number
[20:12:59] [WARNING] mysql_connect: no password specified
[20:12:59] [WARNING] duplicate connection detected: handle id 1 already exists with host = 'localhost', username = 'root' and database = 'project'
[20:13:02] [ERROR] cache_get_value_name_int: value 'NULL' is not a number
[20:17:07] [WARNING] mysql_connect: no password specified
[20:17:07] [WARNING] duplicate connection detected: handle id 1 already exists with host = 'localhost', username = 'root' and database = 'project'
[20:17:23] [ERROR] cache_get_value_name_int: value 'NULL' is not a number
[20:22:03] [WARNING] mysql_connect: no password specified
[20:22:03] [WARNING] duplicate connection detected: handle id 1 already exists with host = 'localhost', username = 'root' and database = 'project'
[20:22:06] [ERROR] cache_get_value_name_int: value 'NULL' is not a number
[20:23:17] [WARNING] mysql_connect: no password specified
[20:23:17] [WARNING] duplicate connection detected: handle id 1 already exists with host = 'localhost', username = 'root' and database = 'project'
[20:23:20] [ERROR] cache_get_value_name_int: value 'NULL' is not a number
[20:27:31] [WARNING] mysql_connect: no password specified
[20:27:31] [WARNING] duplicate connection detected: handle id 1 already exists with host = 'localhost', username = 'root' and database = 'project'
[20:27:41] [ERROR] cache_get_value_name_int: value 'NULL' is not a number
[22:12:25] [WARNING] mysql_connect: no password specified
[22:12:44] [ERROR] cache_get_value_name_int: value 'NULL' is not a number
[22:14:51] [WARNING] mysql_connect: no password specified
[22:14:51] [WARNING] duplicate connection detected: handle id 1 already exists with host = 'localhost', username = 'root' and database = 'project'
[22:16:31] [ERROR] cache_get_value_name_int: value 'NULL' is not a number
[22:17:43] [WARNING] mysql_connect: no password specified
[22:17:43] [WARNING] duplicate connection detected: handle id 1 already exists with host = 'localhost', username = 'root' and database = 'project'
[22:17:57] [ERROR] cache_get_value_name_int: value 'NULL' is not a number
[22:20:56] [WARNING] mysql_connect: no password specified
[22:20:56] [WARNING] duplicate connection detected: handle id 1 already exists with host = 'localhost', username = 'root' and database = 'project'
[22:21:02] [ERROR] cache_get_value_name_int: value 'NULL' is not a number
[22:23:32] [WARNING] mysql_connect: no password specified
[22:23:32] [WARNING] duplicate connection detected: handle id 1 already exists with host = 'localhost', username = 'root' and database = 'project'
[22:23:59] [ERROR] cache_get_value_name_int: value 'NULL' is not a number
[22:27:28] [WARNING] mysql_connect: no password specified
[22:27:45] [ERROR] cache_get_value_name_int: value 'NULL' is not a number
[02:14:30] [WARNING] mysql_connect: no password specified
[02:15:35] [ERROR] cache_get_value_name_int: value 'NULL' is not a number
[02:20:53] [WARNING] mysql_connect: no password specified
[02:20:53] [WARNING] duplicate connection detected: handle id 1 already exists with host = 'localhost', username = 'root' and database = 'project'
[02:21:15] [ERROR] cache_get_value_name_int: value 'NULL' is not a number
[02:22:13] [WARNING] mysql_connect: no password specified
[02:22:30] [ERROR] cache_get_value_name_int: value 'NULL' is not a number
[02:24:10] [WARNING] mysql_connect: no password specified
[02:24:10] [WARNING] duplicate connection detected: handle id 1 already exists with host = 'localhost', username = 'root' and database = 'project'
[02:24:17] [ERROR] cache_get_value_name_int: value 'NULL' is not a number
[02:24:26] [ERROR] cache_insert_id: no active cache
[02:30:37] [WARNING] mysql_connect: no password specified
[02:30:58] [ERROR] cache_get_value_name_int: value 'NULL' is not a number
[02:38:04] [WARNING] mysql_connect: no password specified
[02:45:33] [WARNING] mysql_connect: no password specified
[02:46:00] [ERROR] error #1054 while executing query "UPDATE `jogadores` SET pOrigem = Brasil": Unknown column 'Brasil' in 'field list'
[02:47:21] [WARNING] mysql_connect: no password specified
[02:47:21] [WARNING] duplicate connection detected: handle id 1 already exists with host = 'localhost', username = 'root' and database = 'project'
[11:55:50] [WARNING] mysql_connect: no password specified
[11:58:55] [WARNING] mysql_connect: no password specified
[11:58:55] [WARNING] duplicate connection detected: handle id 1 already exists with host = 'localhost', username = 'root' and database = 'project'
[14:29:57] [WARNING] mysql_connect: no password specified
[14:31:37] [WARNING] mysql_connect: no password specified
[14:31:37] [WARNING] duplicate connection detected: handle id 1 already exists with host = 'localhost', username = 'root' and database = 'project'
[14:33:41] [WARNING] mysql_connect: no password specified
[14:33:41] [WARNING] duplicate connection detected: handle id 1 already exists with host = 'localhost', username = 'root' and database = 'project'
[14:36:05] [WARNING] mysql_connect: no password specified
[14:36:05] [WARNING] duplicate connection detected: handle id 1 already exists with host = 'localhost', username = 'root' and database = 'project'
[14:39:22] [WARNING] mysql_connect: no password specified
[14:39:22] [WARNING] duplicate connection detected: handle id 1 already exists with host = 'localhost', username = 'root' and database = 'project'
[14:42:00] [WARNING] mysql_connect: no password specified
[14:42:00] [WARNING] duplicate connection detected: handle id 1 already exists with host = 'localhost', username = 'root' and database = 'project'
[14:43:19] [WARNING] mysql_connect: no password specified
[14:43:19] [WARNING] duplicate connection detected: handle id 1 already exists with host = 'localhost', username = 'root' and database = 'project'
[14:45:56] [WARNING] mysql_connect: no password specified
[14:48:13] [WARNING] mysql_connect: no password specified
[14:48:13] [WARNING] duplicate connection detected: handle id 1 already exists with host = 'localhost', username = 'root' and database = 'project'
[14:48:22] [ERROR] cache_get_value_name_int: invalid row index '0' (number of rows: '0')
[14:48:22] [ERROR] cache_get_value_name_int: invalid row index '0' (number of rows: '0')
[14:48:22] [ERROR] cache_get_value_name_int: invalid row index '0' (number of rows: '0')
[14:48:22] [ERROR] cache_get_value_name_int: invalid row index '0' (number of rows: '0')
[14:48:22] [ERROR] cache_get_value_name_int: invalid row index '0' (number of rows: '0')
[14:48:22] [ERROR] cache_get_value_name_int: invalid row index '0' (number of rows: '0')
[14:48:22] [ERROR] cache_get_value_name_int: invalid row index '0' (number of rows: '0')
[14:48:22] [ERROR] cache_get_value_name: invalid row index '0' (number of rows: '0')
[14:48:22] [ERROR] cache_get_value_name_float: invalid row index '0' (number of rows: '0')
[14:48:22] [ERROR] cache_get_value_name_float: invalid row index '0' (number of rows: '0')
[14:48:22] [ERROR] cache_get_value_name_float: invalid row index '0' (number of rows: '0')
[14:48:22] [ERROR] cache_get_value_name_float: invalid row index '0' (number of rows: '0')
[14:49:58] [WARNING] mysql_connect: no password specified
[14:49:58] [WARNING] duplicate connection detected: handle id 1 already exists with host = 'localhost', username = 'root' and database = 'project'
[14:50:04] [ERROR] cache_get_value_name_int: invalid row index '0' (number of rows: '0')
[14:50:04] [ERROR] cache_get_value_name_int: invalid row index '0' (number of rows: '0')
[14:50:04] [ERROR] cache_get_value_name_int: invalid row index '0' (number of rows: '0')
[14:50:04] [ERROR] cache_get_value_name_int: invalid row index '0' (number of rows: '0')
[14:50:04] [ERROR] cache_get_value_name_int: invalid row index '0' (number of rows: '0')
[14:50:04] [ERROR] cache_get_value_name_int: invalid row index '0' (number of rows: '0')
[14:50:04] [ERROR] cache_get_value_name_int: invalid row index '0' (number of rows: '0')
[14:50:04] [ERROR] cache_get_value_name: invalid row index '0' (number of rows: '0')
[14:50:04] [ERROR] cache_get_value_name_float: invalid row index '0' (number of rows: '0')
[14:50:04] [ERROR] cache_get_value_name_float: invalid row index '0' (number of rows: '0')
[14:50:04] [ERROR] cache_get_value_name_float: invalid row index '0' (number of rows: '0')
[14:50:04] [ERROR] cache_get_value_name_float: invalid row index '0' (number of rows: '0')
[14:56:42] [WARNING] mysql_connect: no password specified
[14:57:57] [WARNING] mysql_connect: no password specified
[14:57:57] [WARNING] duplicate connection detected: handle id 1 already exists with host = 'localhost', username = 'root' and database = 'project'
[14:58:06] [ERROR] cache_get_value_name_int: invalid row index '0' (number of rows: '0')
[14:58:06] [ERROR] cache_get_value_name_int: invalid row index '0' (number of rows: '0')
[14:58:06] [ERROR] cache_get_value_name_int: invalid row index '0' (number of rows: '0')
[14:58:06] [ERROR] cache_get_value_name_int: invalid row index '0' (number of rows: '0')
[14:58:06] [ERROR] cache_get_value_name_int: invalid row index '0' (number of rows: '0')
[14:58:06] [ERROR] cache_get_value_name_int: invalid row index '0' (number of rows: '0')
[14:58:06] [ERROR] cache_get_value_name_int: invalid row index '0' (number of rows: '0')
[14:58:06] [ERROR] cache_get_value_name: invalid row index '0' (number of rows: '0')
[14:58:06] [ERROR] cache_get_value_name_float: invalid row index '0' (number of rows: '0')
[14:58:06] [ERROR] cache_get_value_name_float: invalid row index '0' (number of rows: '0')
[14:58:06] [ERROR] cache_get_value_name_float: invalid row index '0' (number of rows: '0')
[14:58:06] [ERROR] cache_get_value_name_float: invalid row index '0' (number of rows: '0')
[14:58:46] [WARNING] mysql_connect: no password specified
[14:59:03] [ERROR] cache_get_value_name: invalid row index '0' (number of rows: '0')
[15:06:40] [WARNING] mysql_connect: no password specified
[19:45:20] [WARNING] mysql_connect: no password specified
[23:45:41] [WARNING] mysql_connect: no password specified
[23:50:22] [WARNING] mysql_connect: no password specified
[23:50:22] [WARNING] duplicate connection detected: handle id 1 already exists with host = 'localhost', username = 'root' and database = 'project'
[23:51:56] [WARNING] mysql_connect: no password specified
[00:00:12] [WARNING] mysql_connect: no password specified
[00:00:12] [WARNING] duplicate connection detected: handle id 1 already exists with host = 'localhost', username = 'root' and database = 'project'
[00:02:21] [WARNING] mysql_connect: no password specified
[00:02:21] [WARNING] duplicate connection detected: handle id 1 already exists with host = 'localhost', username = 'root' and database = 'project'
[00:03:15] [WARNING] mysql_connect: no password specified
[00:03:15] [WARNING] duplicate connection detected: handle id 1 already exists with host = 'localhost', username = 'root' and database = 'project'
[18:37:10] [WARNING] mysql_connect: no password specified
[18:39:36] [WARNING] mysql_connect: no password specified
[18:39:36] [WARNING] duplicate connection detected: handle id 1 already exists with host = 'localhost', username = 'root' and database = 'project'
[18:41:15] [WARNING] mysql_connect: no password specified
[18:41:15] [WARNING] duplicate connection detected: handle id 1 already exists with host = 'localhost', username = 'root' and database = 'project'
[18:43:32] [WARNING] mysql_connect: no password specified
[18:43:32] [WARNING] duplicate connection detected: handle id 1 already exists with host = 'localhost', username = 'root' and database = 'project'
[19:10:27] [WARNING] mysql_connect: no password specified
[19:10:27] [WARNING] duplicate connection detected: handle id 1 already exists with host = 'localhost', username = 'root' and database = 'project'
[19:18:30] [WARNING] mysql_connect: no password specified
[19:18:30] [WARNING] duplicate connection detected: handle id 1 already exists with host = 'localhost', username = 'root' and database = 'project'
[19:19:13] [WARNING] mysql_connect: no password specified
[19:19:13] [WARNING] duplicate connection detected: handle id 1 already exists with host = 'localhost', username = 'root' and database = 'project'
[19:28:13] [WARNING] mysql_connect: no password specified
[19:28:13] [WARNING] duplicate connection detected: handle id 1 already exists with host = 'localhost', username = 'root' and database = 'project'
[19:30:22] [WARNING] mysql_connect: no password specified
[19:30:22] [WARNING] duplicate connection detected: handle id 1 already exists with host = 'localhost', username = 'root' and database = 'project'
[19:31:24] [WARNING] mysql_connect: no password specified
[19:31:24] [WARNING] duplicate connection detected: handle id 1 already exists with host = 'localhost', username = 'root' and database = 'project'
[19:33:29] [WARNING] mysql_connect: no password specified
[19:33:29] [WARNING] duplicate connection detected: handle id 1 already exists with host = 'localhost', username = 'root' and database = 'project'
[19:36:07] [WARNING] mysql_connect: no password specified
[19:36:07] [WARNING] duplicate connection detected: handle id 1 already exists with host = 'localhost', username = 'root' and database = 'project'
[19:37:37] [WARNING] mysql_connect: no password specified
[19:37:37] [WARNING] duplicate connection detected: handle id 1 already exists with host = 'localhost', username = 'root' and database = 'project'
[19:51:14] [WARNING] mysql_connect: no password specified
[19:51:14] [WARNING] duplicate connection detected: handle id 1 already exists with host = 'localhost', username = 'root' and database = 'project'
[20:03:27] [WARNING] mysql_connect: no password specified
[20:03:27] [WARNING] duplicate connection detected: handle id 1 already exists with host = 'localhost', username = 'root' and database = 'project'
[20:17:29] [WARNING] mysql_connect: no password specified
[20:17:29] [WARNING] duplicate connection detected: handle id 1 already exists with host = 'localhost', username = 'root' and database = 'project'
[20:20:48] [WARNING] mysql_connect: no password specified
[20:20:48] [WARNING] duplicate connection detected: handle id 1 already exists with host = 'localhost', username = 'root' and database = 'project'
[20:20:57] [ERROR] error #1054 while executing query "UPDATE `jogadores` SET pOrigem = 'Holy' WHERE `Nome`='electro_cornoeeewww'": Unknown column 'Nome' in 'where clause'
[20:22:45] [WARNING] mysql_connect: no password specified
[20:22:45] [WARNING] duplicate connection detected: handle id 1 already exists with host = 'localhost', username = 'root' and database = 'project'
[20:23:00] [ERROR] error #1064 while executing query "UPDATE `jogadores` WHERE `Nome`='eun_sei' SET pOrigem = 'porraaa'": You have an error in your SQL syntax; check the manual that corresponds to your MariaDB server version for the right syntax to use near 'WHERE `Nome`='eun_sei' SET pOrigem = 'porraaa'' at line 1
[20:26:30] [WARNING] mysql_connect: no password specified
[20:26:30] [WARNING] duplicate connection detected: handle id 1 already exists with host = 'localhost', username = 'root' and database = 'project'
